# JRE version: Java(TM) SE Runtime Environment (8.0_281-b09) (build 1.8.0_281-b09)
# Java VM: Java HotSpot(TM) 64-Bit Server VM (25.281-b09 mixed mode windows-amd64 compressed oops)
Heap:
 PSYoungGen      total 130560K, used 19672K [0x000000076e000000, 0x0000000776b00000, 0x00000007c0000000)
  eden space 121856K, 16% used [0x000000076e000000,0x000000076f336030,0x0000000775700000)
  from space 8704K, 0% used [0x0000000776280000,0x0000000776280000,0x0000000776b00000)
  to   space 10240K, 0% used [0x0000000775700000,0x0000000775700000,0x0000000776100000)
 ParOldGen       total 82432K, used 10762K [0x00000006ca000000, 0x00000006cf080000, 0x000000076e000000)
  object space 82432K, 13% used [0x00000006ca000000,0x00000006caa82828,0x00000006cf080000)
 Metaspace       used 25747K, capacity 26818K, committed 27136K, reserved 1075200K
  class space    used 3429K, capacity 3685K, committed 3840K, reserved 1048576K
GC Heap History (10 events):
Event: 3.978 GC heap before
{Heap before GC invocations=5 (full 1):
 PSYoungGen      total 73728K, used 67058K [0x000000076e000000, 0x0000000776c80000, 0x00000007c0000000)
  eden space 63488K, 100% used [0x000000076e000000,0x0000000771e00000,0x0000000771e00000)
  from space 10240K, 34% used [0x0000000771e00000,0x000000077217c960,0x0000000772800000)
  to   space 10240K, 0% used [0x0000000776280000,0x0000000776280000,0x0000000776c80000)
 ParOldGen       total 70144K, used 3429K [0x00000006ca000000, 0x00000006ce480000, 0x000000076e000000)
  object space 70144K, 4% used [0x00000006ca000000,0x00000006ca3597a8,0x00000006ce480000)
 Metaspace       used 19648K, capacity 20232K, committed 20480K, reserved 1069056K
  class space    used 2565K, capacity 2746K, committed 2816K, reserved 1048576K
Event: 3.981 GC heap after
Heap after GC invocations=5 (full 1):
 PSYoungGen      total 130560K, used 5567K [0x000000076e000000, 0x0000000776b00000, 0x00000007c0000000)
  eden space 121856K, 0% used [0x000000076e000000,0x000000076e000000,0x0000000775700000)
  from space 8704K, 63% used [0x0000000776280000,0x00000007767efef8,0x0000000776b00000)
  to   space 10240K, 0% used [0x0000000775700000,0x0000000775700000,0x0000000776100000)
 ParOldGen       total 70144K, used 3429K [0x00000006ca000000, 0x00000006ce480000, 0x000000076e000000)
  object space 70144K, 4% used [0x00000006ca000000,0x00000006ca3597a8,0x00000006ce480000)
 Metaspace       used 19648K, capacity 20232K, committed 20480K, reserved 1069056K
  class space    used 2565K, capacity 2746K, committed 2816K, reserved 1048576K
}
Event: 4.056 GC heap before
{Heap before GC invocations=6 (full 1):
 PSYoungGen      total 130560K, used 20672K [0x000000076e000000, 0x0000000776b00000, 0x00000007c0000000)
  eden space 121856K, 12% used [0x000000076e000000,0x000000076eec0210,0x0000000775700000)
  from space 8704K, 63% used [0x0000000776280000,0x00000007767efef8,0x0000000776b00000)
  to   space 10240K, 0% used [0x0000000775700000,0x0000000775700000,0x0000000776100000)
 ParOldGen       total 70144K, used 3429K [0x00000006ca000000, 0x00000006ce480000, 0x000000076e000000)
  object space 70144K, 4% used [0x00000006ca000000,0x00000006ca3597a8,0x00000006ce480000)
 Metaspace       used 20564K, capacity 21228K, committed 21296K, reserved 1069056K
  class space    used 2691K, capacity 2896K, committed 2944K, reserved 1048576K
Event: 4.059 GC heap after
Heap after GC invocations=6 (full 1):
 PSYoungGen      total 132096K, used 3717K [0x000000076e000000, 0x0000000776b00000, 0x00000007c0000000)
  eden space 121856K, 0% used [0x000000076e000000,0x000000076e000000,0x0000000775700000)
  from space 10240K, 36% used [0x0000000775700000,0x0000000775aa16c8,0x0000000776100000)
  to   space 8704K, 0% used [0x0000000776280000,0x0000000776280000,0x0000000776b00000)
 ParOldGen       total 70144K, used 3429K [0x00000006ca000000, 0x00000006ce480000, 0x000000076e000000)
  object space 70144K, 4% used [0x00000006ca000000,0x00000006ca3597a8,0x00000006ce480000)
 Metaspace       used 20564K, capacity 21228K, committed 21296K, reserved 1069056K
  class space    used 2691K, capacity 2896K, committed 2944K, reserved 1048576K
}
Event: 4.059 GC heap before
{Heap before GC invocations=7 (full 2):
 PSYoungGen      total 132096K, used 3717K [0x000000076e000000, 0x0000000776b00000, 0x00000007c0000000)
  eden space 121856K, 0% used [0x000000076e000000,0x000000076e000000,0x0000000775700000)
  from space 10240K, 36% used [0x0000000775700000,0x0000000775aa16c8,0x0000000776100000)
  to   space 8704K, 0% used [0x0000000776280000,0x0000000776280000,0x0000000776b00000)
 ParOldGen       total 70144K, used 3429K [0x00000006ca000000, 0x00000006ce480000, 0x000000076e000000)
  object space 70144K, 4% used [0x00000006ca000000,0x00000006ca3597a8,0x00000006ce480000)
 Metaspace       used 20564K, capacity 21228K, committed 21296K, reserved 1069056K
  class space    used 2691K, capacity 2896K, committed 2944K, reserved 1048576K
Event: 4.091 GC heap after
Heap after GC invocations=7 (full 2):
 PSYoungGen      total 132096K, used 0K [0x000000076e000000, 0x0000000776b00000, 0x00000007c0000000)
  eden space 121856K, 0% used [0x000000076e000000,0x000000076e000000,0x0000000775700000)
  from space 10240K, 0% used [0x0000000775700000,0x0000000775700000,0x0000000776100000)
  to   space 8704K, 0% used [0x0000000776280000,0x0000000776280000,0x0000000776b00000)
 ParOldGen       total 82432K, used 6675K [0x00000006ca000000, 0x00000006cf080000, 0x000000076e000000)
  object space 82432K, 8% used [0x00000006ca000000,0x00000006ca684ee8,0x00000006cf080000)
 Metaspace       used 20564K, capacity 21228K, committed 21296K, reserved 1069056K
  class space    used 2691K, capacity 2896K, committed 2944K, reserved 1048576K
}
Event: 6.633 GC heap before
{Heap before GC invocations=8 (full 2):
 PSYoungGen      total 132096K, used 97780K [0x000000076e000000, 0x0000000776b00000, 0x00000007c0000000)
  eden space 121856K, 80% used [0x000000076e000000,0x0000000773f7d0d8,0x0000000775700000)
  from space 10240K, 0% used [0x0000000775700000,0x0000000775700000,0x0000000776100000)
  to   space 8704K, 0% used [0x0000000776280000,0x0000000776280000,0x0000000776b00000)
 ParOldGen       total 82432K, used 6675K [0x00000006ca000000, 0x00000006cf080000, 0x000000076e000000)
  object space 82432K, 8% used [0x00000006ca000000,0x00000006ca684ee8,0x00000006cf080000)
 Metaspace       used 25137K, capacity 25990K, committed 26112K, reserved 1077248K
  class space    used 3321K, capacity 3523K, committed 3584K, reserved 1048576K
Event: 6.636 GC heap after
Heap after GC invocations=8 (full 2):
 PSYoungGen      total 130560K, used 5685K [0x000000076e000000, 0x0000000776b00000, 0x00000007c0000000)
  eden space 121856K, 0% used [0x000000076e000000,0x000000076e000000,0x0000000775700000)
  from space 8704K, 65% used [0x0000000776280000,0x000000077680d4b0,0x0000000776b00000)
  to   space 10240K, 0% used [0x0000000775700000,0x0000000775700000,0x0000000776100000)
 ParOldGen       total 82432K, used 6683K [0x00000006ca000000, 0x00000006cf080000, 0x000000076e000000)
  object space 82432K, 8% used [0x00000006ca000000,0x00000006ca686ee8,0x00000006cf080000)
 Metaspace       used 25137K, capacity 25990K, committed 26112K, reserved 1077248K
  class space    used 3321K, capacity 3523K, committed 3584K, reserved 1048576K
}
Event: 6.636 GC heap before
{Heap before GC invocations=9 (full 3):
 PSYoungGen      total 130560K, used 5685K [0x000000076e000000, 0x0000000776b00000, 0x00000007c0000000)
  eden space 121856K, 0% used [0x000000076e000000,0x000000076e000000,0x0000000775700000)
  from space 8704K, 65% used [0x0000000776280000,0x000000077680d4b0,0x0000000776b00000)
  to   space 10240K, 0% used [0x0000000775700000,0x0000000775700000,0x0000000776100000)
 ParOldGen       total 82432K, used 6683K [0x00000006ca000000, 0x00000006cf080000, 0x000000076e000000)
  object space 82432K, 8% used [0x00000006ca000000,0x00000006ca686ee8,0x00000006cf080000)
 Metaspace       used 25137K, capacity 25990K, committed 26112K, reserved 1077248K
  class space    used 3321K, capacity 3523K, committed 3584K, reserved 1048576K
Event: 6.682 GC heap after
Heap after GC invocations=9 (full 3):
 PSYoungGen      total 130560K, used 0K [0x000000076e000000, 0x0000000776b00000, 0x00000007c0000000)
  eden space 121856K, 0% used [0x000000076e000000,0x000000076e000000,0x0000000775700000)
  from space 8704K, 0% used [0x0000000776280000,0x0000000776280000,0x0000000776b00000)
  to   space 10240K, 0% used [0x0000000775700000,0x0000000775700000,0x0000000776100000)
 ParOldGen       total 82432K, used 10762K [0x00000006ca000000, 0x00000006cf080000, 0x000000076e000000)
  object space 82432K, 13% used [0x00000006ca000000,0x00000006caa82828,0x00000006cf080000)
 Metaspace       used 25137K, capacity 25990K, committed 26112K, reserved 1075200K
  class space    used 3321K, capacity 3523K, committed 3584K, reserved 1048576K
}

