# JRE version: Java(TM) SE Runtime Environment (8.0_162-b12) (build 1.8.0_162-b12)
# Java VM: Java HotSpot(TM) 64-Bit Server VM (25.162-b12 mixed mode windows-amd64 compressed oops)
Heap:
 PSYoungGen      total 72704K, used 10163K [0x00000000fab00000, 0x0000000100000000, 0x0000000100000000)
  eden space 58368K, 16% used [0x00000000fab00000,0x00000000fb454f28,0x00000000fe400000)
  from space 14336K, 4% used [0x00000000ff200000,0x00000000ff298020,0x0000000100000000)
  to   space 14336K, 0% used [0x00000000fe400000,0x00000000fe400000,0x00000000ff200000)
 ParOldGen       total 175104K, used 30806K [0x00000000f0000000, 0x00000000fab00000, 0x00000000fab00000)
  object space 175104K, 17% used [0x00000000f0000000,0x00000000f1e15848,0x00000000fab00000)
 Metaspace       used 57435K, capacity 60190K, committed 60416K, reserved 1101824K
  class space    used 7667K, capacity 8126K, committed 8192K, reserved 1048576K
GC Heap History (10 events):
Event: 85.251 GC heap before
{Heap before GC invocations=23 (full 3):
 PSYoungGen      total 73216K, used 8248K [0x00000000fab00000, 0x0000000100000000, 0x0000000100000000)
  eden space 58880K, 0% used [0x00000000fab00000,0x00000000fab00000,0x00000000fe480000)
  from space 14336K, 57% used [0x00000000ff200000,0x00000000ffa0e108,0x0000000100000000)
  to   space 13824K, 0% used [0x00000000fe480000,0x00000000fe480000,0x00000000ff200000)
 ParOldGen       total 175104K, used 25599K [0x00000000f0000000, 0x00000000fab00000, 0x00000000fab00000)
  object space 175104K, 14% used [0x00000000f0000000,0x00000000f18ffc80,0x00000000fab00000)
 Metaspace       used 56412K, capacity 58988K, committed 59096K, reserved 1099776K
  class space    used 7532K, capacity 7967K, committed 8064K, reserved 1048576K
Event: 85.539 GC heap after
Heap after GC invocations=23 (full 3):
 PSYoungGen      total 73216K, used 0K [0x00000000fab00000, 0x0000000100000000, 0x0000000100000000)
  eden space 58880K, 0% used [0x00000000fab00000,0x00000000fab00000,0x00000000fe480000)
  from space 14336K, 0% used [0x00000000ff200000,0x00000000ff200000,0x0000000100000000)
  to   space 13824K, 0% used [0x00000000fe480000,0x00000000fe480000,0x00000000ff200000)
 ParOldGen       total 175104K, used 29331K [0x00000000f0000000, 0x00000000fab00000, 0x00000000fab00000)
  object space 175104K, 16% used [0x00000000f0000000,0x00000000f1ca4e68,0x00000000fab00000)
 Metaspace       used 56412K, capacity 58988K, committed 59096K, reserved 1099776K
  class space    used 7532K, capacity 7967K, committed 8064K, reserved 1048576K
}
Event: 477.169 GC heap before
{Heap before GC invocations=24 (full 3):
 PSYoungGen      total 73216K, used 58880K [0x00000000fab00000, 0x0000000100000000, 0x0000000100000000)
  eden space 58880K, 100% used [0x00000000fab00000,0x00000000fe480000,0x00000000fe480000)
  from space 14336K, 0% used [0x00000000ff200000,0x00000000ff200000,0x0000000100000000)
  to   space 13824K, 0% used [0x00000000fe480000,0x00000000fe480000,0x00000000ff200000)
 ParOldGen       total 175104K, used 29331K [0x00000000f0000000, 0x00000000fab00000, 0x00000000fab00000)
  object space 175104K, 16% used [0x00000000f0000000,0x00000000f1ca4e68,0x00000000fab00000)
 Metaspace       used 57286K, capacity 60050K, committed 60160K, reserved 1101824K
  class space    used 7665K, capacity 8124K, committed 8192K, reserved 1048576K
Event: 477.175 GC heap after
Heap after GC invocations=24 (full 3):
 PSYoungGen      total 72704K, used 1933K [0x00000000fab00000, 0x0000000100000000, 0x0000000100000000)
  eden space 58880K, 0% used [0x00000000fab00000,0x00000000fab00000,0x00000000fe480000)
  from space 13824K, 13% used [0x00000000fe480000,0x00000000fe6634c8,0x00000000ff200000)
  to   space 14336K, 0% used [0x00000000ff200000,0x00000000ff200000,0x0000000100000000)
 ParOldGen       total 175104K, used 29339K [0x00000000f0000000, 0x00000000fab00000, 0x00000000fab00000)
  object space 175104K, 16% used [0x00000000f0000000,0x00000000f1ca6e68,0x00000000fab00000)
 Metaspace       used 57286K, capacity 60050K, committed 60160K, reserved 1101824K
  class space    used 7665K, capacity 8124K, committed 8192K, reserved 1048576K
}
Event: 1303.906 GC heap before
{Heap before GC invocations=25 (full 3):
 PSYoungGen      total 72704K, used 60812K [0x00000000fab00000, 0x0000000100000000, 0x0000000100000000)
  eden space 58880K, 99% used [0x00000000fab00000,0x00000000fe47fe78,0x00000000fe480000)
  from space 13824K, 13% used [0x00000000fe480000,0x00000000fe6634c8,0x00000000ff200000)
  to   space 14336K, 0% used [0x00000000ff200000,0x00000000ff200000,0x0000000100000000)
 ParOldGen       total 175104K, used 29339K [0x00000000f0000000, 0x00000000fab00000, 0x00000000fab00000)
  object space 175104K, 16% used [0x00000000f0000000,0x00000000f1ca6e68,0x00000000fab00000)
 Metaspace       used 57341K, capacity 60050K, committed 60160K, reserved 1101824K
  class space    used 7665K, capacity 8124K, committed 8192K, reserved 1048576K
Event: 1303.911 GC heap after
Heap after GC invocations=25 (full 3):
 PSYoungGen      total 72704K, used 1280K [0x00000000fab00000, 0x0000000100000000, 0x0000000100000000)
  eden space 58368K, 0% used [0x00000000fab00000,0x00000000fab00000,0x00000000fe400000)
  from space 14336K, 8% used [0x00000000ff200000,0x00000000ff340000,0x0000000100000000)
  to   space 14336K, 0% used [0x00000000fe400000,0x00000000fe400000,0x00000000ff200000)
 ParOldGen       total 175104K, used 29347K [0x00000000f0000000, 0x00000000fab00000, 0x00000000fab00000)
  object space 175104K, 16% used [0x00000000f0000000,0x00000000f1ca8e68,0x00000000fab00000)
 Metaspace       used 57341K, capacity 60050K, committed 60160K, reserved 1101824K
  class space    used 7665K, capacity 8124K, committed 8192K, reserved 1048576K
}
Event: 2130.190 GC heap before
{Heap before GC invocations=26 (full 3):
 PSYoungGen      total 72704K, used 59648K [0x00000000fab00000, 0x0000000100000000, 0x0000000100000000)
  eden space 58368K, 100% used [0x00000000fab00000,0x00000000fe400000,0x00000000fe400000)
  from space 14336K, 8% used [0x00000000ff200000,0x00000000ff340000,0x0000000100000000)
  to   space 14336K, 0% used [0x00000000fe400000,0x00000000fe400000,0x00000000ff200000)
 ParOldGen       total 175104K, used 29347K [0x00000000f0000000, 0x00000000fab00000, 0x00000000fab00000)
  object space 175104K, 16% used [0x00000000f0000000,0x00000000f1ca8e68,0x00000000fab00000)
 Metaspace       used 57387K, capacity 60126K, committed 60416K, reserved 1101824K
  class space    used 7667K, capacity 8126K, committed 8192K, reserved 1048576K
Event: 2130.195 GC heap after
Heap after GC invocations=26 (full 3):
 PSYoungGen      total 72704K, used 1136K [0x00000000fab00000, 0x0000000100000000, 0x0000000100000000)
  eden space 58368K, 0% used [0x00000000fab00000,0x00000000fab00000,0x00000000fe400000)
  from space 14336K, 7% used [0x00000000fe400000,0x00000000fe51c110,0x00000000ff200000)
  to   space 14336K, 0% used [0x00000000ff200000,0x00000000ff200000,0x0000000100000000)
 ParOldGen       total 175104K, used 30174K [0x00000000f0000000, 0x00000000fab00000, 0x00000000fab00000)
  object space 175104K, 17% used [0x00000000f0000000,0x00000000f1d779c8,0x00000000fab00000)
 Metaspace       used 57387K, capacity 60126K, committed 60416K, reserved 1101824K
  class space    used 7667K, capacity 8126K, committed 8192K, reserved 1048576K
}
Event: 3017.498 GC heap before
{Heap before GC invocations=27 (full 3):
 PSYoungGen      total 72704K, used 59504K [0x00000000fab00000, 0x0000000100000000, 0x0000000100000000)
  eden space 58368K, 100% used [0x00000000fab00000,0x00000000fe400000,0x00000000fe400000)
  from space 14336K, 7% used [0x00000000fe400000,0x00000000fe51c110,0x00000000ff200000)
  to   space 14336K, 0% used [0x00000000ff200000,0x00000000ff200000,0x0000000100000000)
 ParOldGen       total 175104K, used 30174K [0x00000000f0000000, 0x00000000fab00000, 0x00000000fab00000)
  object space 175104K, 17% used [0x00000000f0000000,0x00000000f1d779c8,0x00000000fab00000)
 Metaspace       used 57435K, capacity 60190K, committed 60416K, reserved 1101824K
  class space    used 7667K, capacity 8126K, committed 8192K, reserved 1048576K
Event: 3017.505 GC heap after
Heap after GC invocations=27 (full 3):
 PSYoungGen      total 72704K, used 608K [0x00000000fab00000, 0x0000000100000000, 0x0000000100000000)
  eden space 58368K, 0% used [0x00000000fab00000,0x00000000fab00000,0x00000000fe400000)
  from space 14336K, 4% used [0x00000000ff200000,0x00000000ff298020,0x0000000100000000)
  to   space 14336K, 0% used [0x00000000fe400000,0x00000000fe400000,0x00000000ff200000)
 ParOldGen       total 175104K, used 30806K [0x00000000f0000000, 0x00000000fab00000, 0x00000000fab00000)
  object space 175104K, 17% used [0x00000000f0000000,0x00000000f1e15848,0x00000000fab00000)
 Metaspace       used 57435K, capacity 60190K, committed 60416K, reserved 1101824K
  class space    used 7667K, capacity 8126K, committed 8192K, reserved 1048576K
}

